22/06/2021 14:53:35	This log contains information about the import schema operation into project 'DBAgenda' on computer 'DESKTOP-NSJ96GG' by user 'Emannuel'.
22/06/2021 14:53:35	Import of database schema has started.
22/06/2021 14:53:43	Gathering database credentials
22/06/2021 14:53:43	Gathering database options
22/06/2021 14:53:43	Gathering users
22/06/2021 14:53:43	Gathering roles
22/06/2021 14:53:43	Gathering application roles
22/06/2021 14:53:43	Gathering role memberships
22/06/2021 14:53:43	Gathering filegroups
22/06/2021 14:53:43	Gathering full-text catalogs
22/06/2021 14:53:43	Gathering assemblies
22/06/2021 14:53:43	Gathering certificates
22/06/2021 14:53:43	Gathering asymmetric keys
22/06/2021 14:53:43	Gathering symmetric keys
22/06/2021 14:53:43	Gathering encrypted symmetric keys
22/06/2021 14:53:43	Gathering schemas
22/06/2021 14:53:43	Gathering XML schema collections
22/06/2021 14:53:43	Gathering user-defined data types
22/06/2021 14:53:43	Gathering user-defined types
22/06/2021 14:53:43	Gathering table types
22/06/2021 14:53:43	Gathering unique keys for table types
22/06/2021 14:53:43	Gathering primary keys for table types
22/06/2021 14:53:43	Gathering indexes for table types
22/06/2021 14:53:43	Gathering check constraints for table types
22/06/2021 14:53:43	Gathering default constraints for table types
22/06/2021 14:53:43	Gathering partition functions
22/06/2021 14:53:43	Gathering partition schemes
22/06/2021 14:53:43	Gathering functions
22/06/2021 14:53:43	Gathering encrypted functions
22/06/2021 14:53:43	Gathering aggregates
22/06/2021 14:53:43	Gathering procedures
22/06/2021 14:53:43	Gathering encrypted procedures
22/06/2021 14:53:43	Gathering tables
22/06/2021 14:53:43	Gathering primary keys
22/06/2021 14:53:43	Gathering unique constraints
22/06/2021 14:53:43	Gathering foreign keys
22/06/2021 14:53:43	Gathering default constraints
22/06/2021 14:53:43	Gathering check constraints
22/06/2021 14:53:44	Gathering views
22/06/2021 14:53:44	Gathering encrypted views
22/06/2021 14:53:44	Gathering indexes
22/06/2021 14:53:44	Gathering statistics
22/06/2021 14:53:44	Gathering full-text index stoplists
22/06/2021 14:53:44	Gathering search property lists
22/06/2021 14:53:44	Gathering search properties
22/06/2021 14:53:44	Gathering full-text indexes
22/06/2021 14:53:44	Gathering column store indexes
22/06/2021 14:53:44	Gathering spatial indexes
22/06/2021 14:53:44	Gathering XML indexes
22/06/2021 14:53:44	Gathering Selective XML indexes
22/06/2021 14:53:44	Gathering encrypted triggers
22/06/2021 14:53:44	Gathering triggers
22/06/2021 14:53:44	Gathering encrypted and clr ddl triggers
22/06/2021 14:53:44	Gathering ddl triggers
22/06/2021 14:53:44	Gathering synonyms
22/06/2021 14:53:44	Gathering defaults
22/06/2021 14:53:44	Gathering data constraint uddt bindings
22/06/2021 14:53:44	Gathering rules
22/06/2021 14:53:44	Gathering data constraint uddt bindings
22/06/2021 14:53:44	Gathering message types
22/06/2021 14:53:44	Gathering queues
22/06/2021 14:53:44	Gathering contracts
22/06/2021 14:53:44	Gathering services
22/06/2021 14:53:44	Gathering event notifications
22/06/2021 14:53:44	Gathering remote service bindings
22/06/2021 14:53:44	Gathering broker priorities
22/06/2021 14:53:44	Gathering signatures
22/06/2021 14:53:44	Gathering data compression options
22/06/2021 14:53:44	Gathering sequence types
22/06/2021 14:53:44	Gathering security policies
22/06/2021 14:53:44	Gather column encryption keys
22/06/2021 14:53:44	Gathering column master keys
22/06/2021 14:53:44	Gathering external data sources
22/06/2021 14:53:44	Gathering external file formats
22/06/2021 14:53:44	Gathering external tables
22/06/2021 14:53:44	Gathering extended properties
22/06/2021 14:53:45	Gathering credentials
22/06/2021 14:53:45	Gathering logins
22/06/2021 14:53:45	Gathering server audits
22/06/2021 14:53:45	Scanning project for duplicate elements
22/06/2021 14:53:45	Finished duplicate element processing
22/06/2021 14:53:45	Finished importing database.
22/06/2021 14:53:45	A summary of the import was saved to the following location: D:\AcademiaProgramador\DBAgenda\Import Schema Logs\DBAgenda_20210622055335.log
22/06/2021 14:53:45	Click Finish to continue...
